<?xml version="1.0" encoding="UTF-8"?>
<!-- Generated by org.testng.reporters.JUnitReportReporter -->
<testsuite hostname="DESKTOP-BITRVCE" failures="0" tests="1" name="com.OrangeHRM.testCases.LoginPageTest" time="1.999" errors="0" timestamp="2021-10-26T12:04:07 PDT" skipped="0">
  <testcase classname="com.OrangeHRM.testCases.LoginPageTest" name="TC01_LoginTest" time="1.999"/>
  <system-out/>
</testsuite> <!-- com.OrangeHRM.testCases.LoginPageTest -->
