<?xml version="1.0" encoding="UTF-8"?>
<!-- Generated by org.testng.reporters.JUnitReportReporter -->
<testsuite hostname="DESKTOP-BITRVCE" failures="0" tests="1" name="com.OrangeHRM.testCases.LoginPageTest" time="5.789" errors="0" timestamp="2021-10-29T09:26:58 PDT" skipped="0">
  <testcase classname="com.OrangeHRM.testCases.LoginPageTest" name="TC01_LoginTest" time="5.789"/>
  <system-out/>
</testsuite> <!-- com.OrangeHRM.testCases.LoginPageTest -->
